0 info it worked if it ends with ok
1 verbose cli [ 'C:\\Program Files\\nodejs\\node.exe',
1 verbose cli   'C:\\Program Files\\nodejs\\node_modules\\npm\\bin\\npm-cli.js',
1 verbose cli   'install',
1 verbose cli   'ruby-compass' ]
2 info using npm@2.15.1
3 info using node@v4.4.4
4 verbose install initial load of C:\Users\emugisha\Documents\Development\eaglerepairs\package.json
5 verbose installManyTop reading scoped package data from C:\Users\emugisha\Documents\Development\eaglerepairs\node_modules\autoprefixer-core\package.json
6 verbose installManyTop reading scoped package data from C:\Users\emugisha\Documents\Development\eaglerepairs\node_modules\grunt\package.json
7 verbose installManyTop reading scoped package data from C:\Users\emugisha\Documents\Development\eaglerepairs\node_modules\grunt-angular-templates\package.json
8 verbose installManyTop reading scoped package data from C:\Users\emugisha\Documents\Development\eaglerepairs\node_modules\grunt-concurrent\package.json
9 verbose installManyTop reading scoped package data from C:\Users\emugisha\Documents\Development\eaglerepairs\node_modules\grunt-contrib-clean\package.json
10 verbose installManyTop reading scoped package data from C:\Users\emugisha\Documents\Development\eaglerepairs\node_modules\grunt-contrib-compass\package.json
11 verbose installManyTop reading scoped package data from C:\Users\emugisha\Documents\Development\eaglerepairs\node_modules\grunt-contrib-concat\package.json
12 verbose installManyTop reading scoped package data from C:\Users\emugisha\Documents\Development\eaglerepairs\node_modules\grunt-contrib-connect\package.json
13 verbose installManyTop reading scoped package data from C:\Users\emugisha\Documents\Development\eaglerepairs\node_modules\grunt-contrib-copy\package.json
14 verbose installManyTop reading scoped package data from C:\Users\emugisha\Documents\Development\eaglerepairs\node_modules\grunt-contrib-cssmin\package.json
15 verbose installManyTop reading scoped package data from C:\Users\emugisha\Documents\Development\eaglerepairs\node_modules\grunt-contrib-htmlmin\package.json
16 verbose installManyTop reading scoped package data from C:\Users\emugisha\Documents\Development\eaglerepairs\node_modules\grunt-contrib-imagemin\package.json
17 verbose installManyTop reading scoped package data from C:\Users\emugisha\Documents\Development\eaglerepairs\node_modules\grunt-contrib-jshint\package.json
18 verbose installManyTop reading scoped package data from C:\Users\emugisha\Documents\Development\eaglerepairs\node_modules\grunt-contrib-uglify\package.json
19 verbose installManyTop reading scoped package data from C:\Users\emugisha\Documents\Development\eaglerepairs\node_modules\grunt-contrib-watch\package.json
20 verbose installManyTop reading scoped package data from C:\Users\emugisha\Documents\Development\eaglerepairs\node_modules\grunt-filerev\package.json
21 verbose installManyTop reading scoped package data from C:\Users\emugisha\Documents\Development\eaglerepairs\node_modules\grunt-google-cdn\package.json
22 verbose installManyTop reading scoped package data from C:\Users\emugisha\Documents\Development\eaglerepairs\node_modules\grunt-jscs\package.json
23 verbose installManyTop reading scoped package data from C:\Users\emugisha\Documents\Development\eaglerepairs\node_modules\grunt-newer\package.json
24 verbose installManyTop reading scoped package data from C:\Users\emugisha\Documents\Development\eaglerepairs\node_modules\grunt-ng-annotate\package.json
25 verbose installManyTop reading scoped package data from C:\Users\emugisha\Documents\Development\eaglerepairs\node_modules\grunt-postcss\package.json
26 verbose installManyTop reading scoped package data from C:\Users\emugisha\Documents\Development\eaglerepairs\node_modules\grunt-svgmin\package.json
27 verbose installManyTop reading scoped package data from C:\Users\emugisha\Documents\Development\eaglerepairs\node_modules\grunt-usemin\package.json
28 verbose installManyTop reading scoped package data from C:\Users\emugisha\Documents\Development\eaglerepairs\node_modules\grunt-wiredep\package.json
29 verbose installManyTop reading scoped package data from C:\Users\emugisha\Documents\Development\eaglerepairs\node_modules\jasmine-core\package.json
30 verbose installManyTop reading scoped package data from C:\Users\emugisha\Documents\Development\eaglerepairs\node_modules\jit-grunt\package.json
31 verbose installManyTop reading scoped package data from C:\Users\emugisha\Documents\Development\eaglerepairs\node_modules\jshint-stylish\package.json
32 verbose installManyTop reading scoped package data from C:\Users\emugisha\Documents\Development\eaglerepairs\node_modules\karma\package.json
33 verbose installManyTop reading scoped package data from C:\Users\emugisha\Documents\Development\eaglerepairs\node_modules\karma-jasmine\package.json
34 verbose installManyTop reading scoped package data from C:\Users\emugisha\Documents\Development\eaglerepairs\node_modules\karma-phantomjs-launcher\package.json
35 verbose installManyTop reading scoped package data from C:\Users\emugisha\Documents\Development\eaglerepairs\node_modules\phantomjs-prebuilt\package.json
36 verbose installManyTop reading scoped package data from C:\Users\emugisha\Documents\Development\eaglerepairs\node_modules\time-grunt\package.json
37 info package.json grunt@0.4.5 No license field.
38 info package.json grunt-angular-templates@0.5.9 No license field.
39 info package.json grunt-contrib-clean@0.6.0 No license field.
40 info package.json grunt-contrib-concat@0.5.1 No license field.
41 info package.json grunt-contrib-connect@0.9.0 No license field.
42 info package.json grunt-contrib-copy@0.7.0 No license field.
43 info package.json grunt-contrib-cssmin@0.12.3 No license field.
44 info package.json grunt-contrib-htmlmin@0.4.0 No license field.
45 info package.json grunt-contrib-uglify@0.7.0 No license field.
46 info package.json grunt-contrib-watch@0.6.1 No license field.
47 info package.json grunt-filerev@2.3.1 license should be a valid SPDX license expression
48 info package.json grunt-google-cdn@0.4.3 license should be a valid SPDX license expression
49 info package.json grunt-svgmin@2.0.1 No license field.
50 info package.json grunt-wiredep@2.0.0 No license field.
51 verbose readDependencies loading dependencies from C:\Users\emugisha\Documents\Development\eaglerepairs\package.json
52 silly cache add args [ 'ruby-compass', null ]
53 verbose cache add spec ruby-compass
54 silly cache add parsed spec Result {
54 silly cache add   raw: 'ruby-compass',
54 silly cache add   scope: null,
54 silly cache add   name: 'ruby-compass',
54 silly cache add   rawSpec: '',
54 silly cache add   spec: 'latest',
54 silly cache add   type: 'tag' }
55 silly addNamed ruby-compass@latest
56 verbose addNamed "latest" is being treated as a dist-tag for ruby-compass
57 info addNameTag [ 'ruby-compass', 'latest' ]
58 silly mapToRegistry name ruby-compass
59 silly mapToRegistry using default registry
60 silly mapToRegistry registry https://registry.npmjs.org/
61 silly mapToRegistry data Result {
61 silly mapToRegistry   raw: 'ruby-compass',
61 silly mapToRegistry   scope: null,
61 silly mapToRegistry   name: 'ruby-compass',
61 silly mapToRegistry   rawSpec: '',
61 silly mapToRegistry   spec: 'latest',
61 silly mapToRegistry   type: 'tag' }
62 silly mapToRegistry uri https://registry.npmjs.org/ruby-compass
63 verbose addNameTag registry:https://registry.npmjs.org/ruby-compass not in flight; fetching
64 verbose request uri https://registry.npmjs.org/ruby-compass
65 verbose request no auth needed
66 info attempt registry request try #1 at 10:22:10 PM
67 verbose request id 590f100b3ca6d9cd
68 http request GET https://registry.npmjs.org/ruby-compass
69 http 404 https://registry.npmjs.org/ruby-compass
70 verbose headers { 'content-type': 'application/json',
70 verbose headers   'cache-control': 'max-age=0',
70 verbose headers   'content-length': '2',
70 verbose headers   'accept-ranges': 'bytes',
70 verbose headers   date: 'Sat, 17 Sep 2016 02:22:03 GMT',
70 verbose headers   via: '1.1 varnish',
70 verbose headers   age: '0',
70 verbose headers   connection: 'keep-alive',
70 verbose headers   'x-served-by': 'cache-iad2622-IAD',
70 verbose headers   'x-cache': 'MISS',
70 verbose headers   'x-cache-hits': '0',
70 verbose headers   'x-timer': 'S1474078923.465707,VS0,VE394',
70 verbose headers   vary: 'Accept-Encoding' }
71 silly get cb [ 404,
71 silly get   { 'content-type': 'application/json',
71 silly get     'cache-control': 'max-age=0',
71 silly get     'content-length': '2',
71 silly get     'accept-ranges': 'bytes',
71 silly get     date: 'Sat, 17 Sep 2016 02:22:03 GMT',
71 silly get     via: '1.1 varnish',
71 silly get     age: '0',
71 silly get     connection: 'keep-alive',
71 silly get     'x-served-by': 'cache-iad2622-IAD',
71 silly get     'x-cache': 'MISS',
71 silly get     'x-cache-hits': '0',
71 silly get     'x-timer': 'S1474078923.465707,VS0,VE394',
71 silly get     vary: 'Accept-Encoding' } ]
72 verbose stack Error: Registry returned 404 for GET on https://registry.npmjs.org/ruby-compass
72 verbose stack     at makeError (C:\Program Files\nodejs\node_modules\npm\node_modules\npm-registry-client\lib\request.js:264:12)
72 verbose stack     at CachingRegistryClient.<anonymous> (C:\Program Files\nodejs\node_modules\npm\node_modules\npm-registry-client\lib\request.js:242:14)
72 verbose stack     at Request._callback (C:\Program Files\nodejs\node_modules\npm\node_modules\npm-registry-client\lib\request.js:172:14)
72 verbose stack     at Request.self.callback (C:\Program Files\nodejs\node_modules\npm\node_modules\request\request.js:199:22)
72 verbose stack     at emitTwo (events.js:87:13)
72 verbose stack     at Request.emit (events.js:172:7)
72 verbose stack     at Request.<anonymous> (C:\Program Files\nodejs\node_modules\npm\node_modules\request\request.js:1036:10)
72 verbose stack     at emitOne (events.js:82:20)
72 verbose stack     at Request.emit (events.js:169:7)
72 verbose stack     at IncomingMessage.<anonymous> (C:\Program Files\nodejs\node_modules\npm\node_modules\request\request.js:963:12)
73 verbose statusCode 404
74 verbose pkgid ruby-compass
75 verbose cwd C:\Users\emugisha\Documents\Development\eaglerepairs
76 error Windows_NT 10.0.10240
77 error argv "C:\\Program Files\\nodejs\\node.exe" "C:\\Program Files\\nodejs\\node_modules\\npm\\bin\\npm-cli.js" "install" "ruby-compass"
78 error node v4.4.4
79 error npm  v2.15.1
80 error code E404
81 error 404 Registry returned 404 for GET on https://registry.npmjs.org/ruby-compass
81 error 404
81 error 404 'ruby-compass' is not in the npm registry.
81 error 404 You should bug the author to publish it (or use the name yourself!)
81 error 404 It was specified as a dependency of 'eaglerepairs'
81 error 404
81 error 404 Note that you can also install from a
81 error 404 tarball, folder, http url, or git url.
82 verbose exit [ 1, true ]
